<?xml version="1.0" encoding="UTF-8"?>
<!-- Generated by org.testng.reporters.JUnitReportReporter -->
<testsuite hostname="Ashok" failures="0" tests="1" name="tests.TC_01_Get_List_Users" time="3.086" errors="0" timestamp="2021-02-13T19:37:15 IST" skipped="0">
  <testcase classname="tests.TC_01_Get_List_Users" name="Test_ListofUsers" time="3.086"/>
  <system-out/>
</testsuite> <!-- tests.TC_01_Get_List_Users -->
