<?xml version="1.0" encoding="UTF-8"?>
<!-- Generated by org.testng.reporters.JUnitReportReporter -->
<testsuite hostname="Ashok" failures="0" tests="1" name="tests.TC_04_Post_Validate" time="1.224" errors="0" timestamp="2021-02-13T19:37:15 IST" skipped="0">
  <testcase classname="tests.TC_04_Post_Validate" name="Post_Validate" time="1.224"/>
  <system-out/>
</testsuite> <!-- tests.TC_04_Post_Validate -->
