<?xml version="1.0" encoding="UTF-8"?>
<!-- Generated by org.testng.reporters.JUnitReportReporter -->
<testsuite hostname="Ashok" failures="0" tests="4" name="tests.TC_07_Post_Data_Driven" time="6.039" errors="0" timestamp="2021-02-13T19:37:15 IST" skipped="0">
  <testcase classname="tests.TC_07_Post_Data_Driven" name="test_Data_Driven" time="1.839"/>
  <system-out/>
  <testcase classname="tests.TC_07_Post_Data_Driven" name="test_Data_Driven" time="1.325"/>
  <system-out/>
  <testcase classname="tests.TC_07_Post_Data_Driven" name="test_Data_Driven" time="1.652"/>
  <system-out/>
  <testcase classname="tests.TC_07_Post_Data_Driven" name="test_Data_Driven" time="1.223"/>
  <system-out/>
</testsuite> <!-- tests.TC_07_Post_Data_Driven -->
