<?xml version="1.0" encoding="UTF-8"?>
<!-- Generated by org.testng.reporters.JUnitReportReporter -->
<testsuite hostname="Ashok" failures="0" tests="1" name="tests.TC_02_Get_Specific_Users" time="0.603" errors="0" timestamp="2021-02-13T19:37:15 IST" skipped="0">
  <testcase classname="tests.TC_02_Get_Specific_Users" name="Test_Specific_User" time="0.603"/>
  <system-out/>
</testsuite> <!-- tests.TC_02_Get_Specific_Users -->
