<?xml version="1.0" encoding="UTF-8"?>
<!-- Generated by org.testng.reporters.JUnitReportReporter -->
<testsuite hostname="Ashok" failures="0" tests="1" name="tests.TC_03_Post_Create_User" time="1.351" errors="0" timestamp="2021-02-13T19:37:15 IST" skipped="0">
  <testcase classname="tests.TC_03_Post_Create_User" name="test_Create_User" time="1.351"/>
  <system-out/>
</testsuite> <!-- tests.TC_03_Post_Create_User -->
