<?xml version="1.0" encoding="UTF-8"?>
<!-- Generated by org.testng.reporters.JUnitReportReporter -->
<testsuite hostname="Ashok" failures="0" tests="1" name="TC_01_Get" time="2.085" errors="0" timestamp="2021-02-13T16:36:45 IST" skipped="0">
  <testcase classname="TC_01_Get" name="Test_ListofUsers" time="2.085"/>
  <system-out/>
</testsuite> <!-- TC_01_Get -->
