<?xml version="1.0" encoding="UTF-8"?>
<!-- Generated by org.testng.reporters.JUnitReportReporter -->
<testsuite skipped="0" hostname="Ashok" name="tests.TC_01_Get_List_Users" tests="1" failures="0" timestamp="2021-02-13T19:40:01 IST" time="2.696" errors="0">
  <testcase name="Test_ListofUsers" time="2.696" classname="tests.TC_01_Get_List_Users"/>
  <system-out/>
</testsuite> <!-- tests.TC_01_Get_List_Users -->
