<?xml version="1.0" encoding="UTF-8"?>
<!-- Generated by org.testng.reporters.JUnitReportReporter -->
<testsuite skipped="0" hostname="Ashok" name="tests.TC_05_Put_Update" tests="1" failures="0" timestamp="2021-02-13T19:40:01 IST" time="1.198" errors="0">
  <testcase name="Put_Update" time="1.198" classname="tests.TC_05_Put_Update"/>
  <system-out/>
</testsuite> <!-- tests.TC_05_Put_Update -->
