<?xml version="1.0" encoding="UTF-8"?>
<!-- Generated by org.testng.reporters.JUnitReportReporter -->
<testsuite skipped="0" hostname="Ashok" name="tests.TC_04_Post_Validate" tests="1" failures="0" timestamp="2021-02-13T19:40:01 IST" time="1.153" errors="0">
  <testcase name="Post_Validate" time="1.153" classname="tests.TC_04_Post_Validate"/>
  <system-out/>
</testsuite> <!-- tests.TC_04_Post_Validate -->
