<?xml version="1.0" encoding="UTF-8"?>
<!-- Generated by org.testng.reporters.JUnitReportReporter -->
<testsuite skipped="0" hostname="Ashok" name="tests.TC_07_Post_Data_Driven" tests="4" failures="0" timestamp="2021-02-13T19:40:01 IST" time="8.959" errors="0">
  <testcase name="test_Data_Driven" time="2.127" classname="tests.TC_07_Post_Data_Driven"/>
  <system-out/>
  <testcase name="test_Data_Driven" time="2.251" classname="tests.TC_07_Post_Data_Driven"/>
  <system-out/>
  <testcase name="test_Data_Driven" time="2.330" classname="tests.TC_07_Post_Data_Driven"/>
  <system-out/>
  <testcase name="test_Data_Driven" time="2.251" classname="tests.TC_07_Post_Data_Driven"/>
  <system-out/>
</testsuite> <!-- tests.TC_07_Post_Data_Driven -->
