<?xml version="1.0" encoding="UTF-8"?>
<!-- Generated by org.testng.reporters.JUnitReportReporter -->
<testsuite skipped="0" hostname="Ashok" name="tests.TC_02_Get_Specific_Users" tests="1" failures="0" timestamp="2021-02-13T19:40:01 IST" time="1.020" errors="0">
  <testcase name="Test_Specific_User" time="1.020" classname="tests.TC_02_Get_Specific_Users"/>
  <system-out/>
</testsuite> <!-- tests.TC_02_Get_Specific_Users -->
