<?xml version="1.0" encoding="UTF-8"?>
<!-- Generated by org.testng.reporters.JUnitReportReporter -->
<testsuite skipped="0" hostname="Ashok" name="tests.TC_03_Post_Create_User" tests="1" failures="0" timestamp="2021-02-13T19:40:01 IST" time="1.635" errors="0">
  <testcase name="test_Create_User" time="1.635" classname="tests.TC_03_Post_Create_User"/>
  <system-out/>
</testsuite> <!-- tests.TC_03_Post_Create_User -->
